<?xml version="1.0" encoding="UTF-8"?>
<!-- Generated by org.testng.reporters.JUnitReportReporter -->
<testsuite hostname="TL0017" failures="0" tests="1" name="testcase.LoginTc" time="18.460" errors="0" timestamp="2023-09-03T13:08:38 IST" skipped="0">
  <testcase classname="testcase.LoginTc" name="runLogin" time="18.460"/>
  <system-out/>
</testsuite> <!-- testcase.LoginTc -->
