<?xml version="1.0" encoding="UTF-8"?>
<!-- Generated by org.testng.reporters.JUnitReportReporter -->
<testsuite hostname="TL0017" failures="0" tests="2" name="testcase.CreateLeadTc" time="106.873" errors="0" timestamp="2023-09-03T13:25:05 IST" skipped="0">
  <testcase classname="testcase.CreateLeadTc" name="runCreate" time="68.485"/>
  <system-out/>
  <testcase classname="testcase.CreateLeadTc" name="runCreate" time="38.388"/>
  <system-out/>
</testsuite> <!-- testcase.CreateLeadTc -->
